<?xml version="1.0" encoding="UTF-8"?>
<testng-results ignored="0" total="1" passed="1" failed="0" skipped="0">
  <reporter-output>
  </reporter-output>
  <suite started-at="2023-10-17T16:32:36 IST" name="Default suite" finished-at="2023-10-17T16:33:00 IST" duration-ms="23527">
    <groups>
    </groups>
    <test started-at="2023-10-17T16:32:36 IST" name="Default test" finished-at="2023-10-17T16:33:00 IST" duration-ms="23527">
      <class name="task.LoginPage">
        <test-method signature="login()[pri:0, instance:task.LoginPage@26e356f0]" started-at="2023-10-17T16:32:36 IST" name="login" finished-at="2023-10-17T16:33:00 IST" duration-ms="23456" status="PASS">
          <reporter-output>
          </reporter-output>
        </test-method> <!-- login -->
      </class> <!-- task.LoginPage -->
    </test> <!-- Default test -->
  </suite> <!-- Default suite -->
</testng-results>
